  Game.cpp
C:\Users\addinedu\Documents\AvoidGame\AvoidGameProject\AvoidGameProject\Game.cpp(87,20): warning C4018: '<': signed/unsigned mismatch
C:\Users\addinedu\Documents\AvoidGame\AvoidGameProject\AvoidGameProject\Game.cpp(162,30): warning C4018: '<': signed/unsigned mismatch
C:\Users\addinedu\Documents\AvoidGame\AvoidGameProject\AvoidGameProject\Game.cpp(174,15): warning C4018: '<': signed/unsigned mismatch
C:\Users\addinedu\Documents\AvoidGame\AvoidGameProject\AvoidGameProject\Game.cpp(179,20): warning C4018: '<': signed/unsigned mismatch
C:\Users\addinedu\Documents\AvoidGame\AvoidGameProject\AvoidGameProject\Game.cpp(192,20): warning C4018: '<': signed/unsigned mismatch
C:\Users\addinedu\Documents\AvoidGame\AvoidGameProject\AvoidGameProject\Game.cpp(219,29): warning C4244: 'argument': conversion from 'T' to 'float', possible loss of data
C:\Users\addinedu\Documents\AvoidGame\AvoidGameProject\AvoidGameProject\Game.cpp(219,29): warning C4244:         with
C:\Users\addinedu\Documents\AvoidGame\AvoidGameProject\AvoidGameProject\Game.cpp(219,29): warning C4244:         [
C:\Users\addinedu\Documents\AvoidGame\AvoidGameProject\AvoidGameProject\Game.cpp(219,29): warning C4244:             T=unsigned int
C:\Users\addinedu\Documents\AvoidGame\AvoidGameProject\AvoidGameProject\Game.cpp(219,29): warning C4244:         ]
C:\Users\addinedu\Documents\AvoidGame\AvoidGameProject\AvoidGameProject\Game.cpp(218,29): warning C4244: 'argument': conversion from 'T' to 'float', possible loss of data
C:\Users\addinedu\Documents\AvoidGame\AvoidGameProject\AvoidGameProject\Game.cpp(218,29): warning C4244:         with
C:\Users\addinedu\Documents\AvoidGame\AvoidGameProject\AvoidGameProject\Game.cpp(218,29): warning C4244:         [
C:\Users\addinedu\Documents\AvoidGame\AvoidGameProject\AvoidGameProject\Game.cpp(218,29): warning C4244:             T=unsigned int
C:\Users\addinedu\Documents\AvoidGame\AvoidGameProject\AvoidGameProject\Game.cpp(218,29): warning C4244:         ]
C:\Users\addinedu\Documents\AvoidGame\AvoidGameProject\AvoidGameProject\Game.cpp(236,31): warning C4244: 'argument': conversion from 'T' to 'float', possible loss of data
C:\Users\addinedu\Documents\AvoidGame\AvoidGameProject\AvoidGameProject\Game.cpp(236,31): warning C4244:         with
C:\Users\addinedu\Documents\AvoidGame\AvoidGameProject\AvoidGameProject\Game.cpp(236,31): warning C4244:         [
C:\Users\addinedu\Documents\AvoidGame\AvoidGameProject\AvoidGameProject\Game.cpp(236,31): warning C4244:             T=unsigned int
C:\Users\addinedu\Documents\AvoidGame\AvoidGameProject\AvoidGameProject\Game.cpp(236,31): warning C4244:         ]
C:\Users\addinedu\Documents\AvoidGame\AvoidGameProject\AvoidGameProject\Game.cpp(235,31): warning C4244: 'argument': conversion from 'T' to 'float', possible loss of data
C:\Users\addinedu\Documents\AvoidGame\AvoidGameProject\AvoidGameProject\Game.cpp(235,31): warning C4244:         with
C:\Users\addinedu\Documents\AvoidGame\AvoidGameProject\AvoidGameProject\Game.cpp(235,31): warning C4244:         [
C:\Users\addinedu\Documents\AvoidGame\AvoidGameProject\AvoidGameProject\Game.cpp(235,31): warning C4244:             T=unsigned int
C:\Users\addinedu\Documents\AvoidGame\AvoidGameProject\AvoidGameProject\Game.cpp(235,31): warning C4244:         ]
  AvoidGameProject.vcxproj -> C:\Users\addinedu\Documents\AvoidGame\AvoidGameProject\Debug\AvoidGameProject.exe
